#
# A fatal error has been detected by the Java Runtime Environment:
#
#  SIGSEGV (0xb) at pc=0x00007f06570f2c0b, pid=5081, tid=139664943060736
#
# JRE version: OpenJDK Runtime Environment (7.0_79-b14) (build 1.7.0_79-b14)
# Java VM: OpenJDK 64-Bit Server VM (24.79-b02 mixed mode linux-amd64 compressed oops)
# Derivative: IcedTea 2.5.5
# Distribution: Ubuntu 14.10, package 7u79-2.5.5-0ubuntu0.14.10.2
# Problematic frame:
# V  [libjvm.so+0x3edc0b]  ciTypeFlow::StateVector::apply_one_bytecode(ciBytecodeStream*)+0x76b
#
# Failed to write core dump. Core dumps have been disabled. To enable core dumping, try "ulimit -c unlimited" before starting Java again
#
# If you would like to submit a bug report, please include
# instructions on how to reproduce the bug and visit:
#   http://icedtea.classpath.org/bugzilla
#

---------------  T H R E A D  ---------------

Current thread (0x00007f06500ac800):  JavaThread "C2 CompilerThread1" daemon [_thread_in_native, id=5109, stack(0x00007f0647419000,0x00007f064751a000)]

siginfo:si_signo=SIGSEGV: si_errno=0, si_code=1 (SEGV_MAPERR), si_addr=0x000000000000001c

Registers:
RAX=0x0000000000000000, RBX=0x00007f061844eea0, RCX=0x0000000000000008, RDX=0x00007f06141d1f20
RSP=0x00007f0647516ac0, RBP=0x00007f0647516b80, RSI=0x0000000000000008, RDI=0x00007f0647516bc0
R8 =0x0000000000000000, R9 =0x0000000000000000, R10=0x0000000000000000, R11=0x00007f06141d0980
R12=0x00000000000000b7, R13=0x00000000000000b6, R14=0x00007f06500460c0, R15=0x00007f061436aa70
RIP=0x00007f06570f2c0b, EFLAGS=0x0000000000010202, CSGSFS=0x0000000000000033, ERR=0x0000000000000004
  TRAPNO=0x000000000000000e

Top of Stack: (sp=0x00007f0647516ac0)
0x00007f0647516ac0:   00007f0657a663f0 000000001844eed0
0x00007f0647516ad0:   00007f061431d010 00007f061436aa70
0x00007f0647516ae0:   00007f061431d010 00007f0647518aa8
0x00007f0647516af0:   00007f061436aa70 00007f061431d010
0x00007f0647516b00:   00007f0647516b80 00007f06570f5984
0x00007f0647516b10:   00007f0647516bc0 0000000000000371
0x00007f0647516b20:   00007f061848fc60 0000000100000000
0x00007f0647516b30:   0000000000000000 00007f000000039d
0x00007f0647516b40:   0000000000000000 4f3e31d93780dc00
0x00007f0647516b50:   00007f065001c330 00007f061844eea0
0x00007f0647516b60:   00007f061431d010 00007f0647516bc0
0x00007f0647516b70:   0000000000000000 00007f061436aa70
0x00007f0647516b80:   00007f0647516c50 00007f06570f874c
0x00007f0647516b90:   000000077aca5118 00007f061844eed0
0x00007f0647516ba0:   00007f061436b000 00007f061436afe0
0x00007f0647516bb0:   000003a900000300 00007f06000003a9
0x00007f0647516bc0:   00007f061848fc60 00007f061848fb90
0x00007f0647516bd0:   0000000000000000 00007f06141d0d1f
0x00007f0647516be0:   0000000000000000 00007f06570f643c
0x00007f0647516bf0:   00007f06141d0980 00007f06141d1208
0x00007f0647516c00:   00007f06141d0d21 0000003800000038
0x00007f0647516c10:   0000000000000000 4f3e31d93780dc00
0x00007f0647516c20:   00007f06141d2120 00007f061431d010
0x00007f0647516c30:   00007f0647516c90 0000000000000004
0x00007f0647516c40:   0000000000000035 00007f061436aa70
0x00007f0647516c50:   00007f0647516d10 00007f06570f9737
0x00007f0647516c60:   00007f0647516cc0 00007f0647516cb0
0x00007f0647516c70:   00007f06141d1ff0 00007f061844eed0
0x00007f0647516c80:   00007f061844eea0 0100000000000080
0x00007f0647516c90:   00007f061436ac00 00007f06ffffffff
0x00007f0647516ca0:   0000000000000000 00007f061844eed0
0x00007f0647516cb0:   0000006400000035 0000000000000000 

Instructions: (pc=0x00007f06570f2c0b)
0x00007f06570f2beb:   e5 8b 71 1c 83 e8 01 01 c6 41 83 ed 01 48 63 ce
0x00007f06570f2bfb:   4c 8b 34 ca 89 43 08 78 26 4d 63 ed 4a 8b 04 ea
0x00007f06570f2c0b:   8b 40 1c 83 e8 07 83 e0 fb 75 14 bf 11 00 00 00
0x00007f06570f2c1b:   e8 00 cb ff ff 48 8b 13 4a 89 04 ea 48 8b 13 49 

Register to memory mapping:

RAX=0x0000000000000000 is an unknown value
RBX=0x00007f061844eea0 is an unknown value
RCX=0x0000000000000008 is an unknown value
RDX=0x00007f06141d1f20 is an unknown value
RSP=0x00007f0647516ac0 is pointing into the stack for thread: 0x00007f06500ac800
RBP=0x00007f0647516b80 is pointing into the stack for thread: 0x00007f06500ac800
RSI=0x0000000000000008 is an unknown value
RDI=0x00007f0647516bc0 is pointing into the stack for thread: 0x00007f06500ac800
R8 =0x0000000000000000 is an unknown value
R9 =0x0000000000000000 is an unknown value
R10=0x0000000000000000 is an unknown value
R11=0x00007f06141d0980 is an unknown value
R12=0x00000000000000b7 is an unknown value
R13=0x00000000000000b6 is an unknown value
R14=0x00007f06500460c0 is an unknown value
R15=0x00007f061436aa70 is an unknown value


Stack: [0x00007f0647419000,0x00007f064751a000],  sp=0x00007f0647516ac0,  free space=1014k
Native frames: (J=compiled Java code, j=interpreted, Vv=VM code, C=native code)
V  [libjvm.so+0x3edc0b]  ciTypeFlow::StateVector::apply_one_bytecode(ciBytecodeStream*)+0x76b
V  [libjvm.so+0x3f374c]  ciTypeFlow::flow_block(ciTypeFlow::Block*, ciTypeFlow::StateVector*, ciTypeFlow::JsrSet*)+0x32c
V  [libjvm.so+0x3f4737]  ciTypeFlow::df_flow_types(ciTypeFlow::Block*, bool, ciTypeFlow::StateVector*, ciTypeFlow::JsrSet*)+0x3c7
V  [libjvm.so+0x3f514e]  ciTypeFlow::flow_types()+0x2ee
V  [libjvm.so+0x3f5281]  ciTypeFlow::do_flow()+0x11
V  [libjvm.so+0x3d6274]  ciMethod::get_flow_analysis()+0x94
V  [libjvm.so+0x316eed]  InlineTree::ok_to_inline(ciMethod*, JVMState*, ciCallProfile&, WarmCallInfo*, bool&)+0x3dd
V  [libjvm.so+0x4f77a8]  Compile::call_generator(ciMethod*, int, bool, JVMState*, bool, float, bool, bool)+0x678
V  [libjvm.so+0x4f7cc6]  Parse::do_call()+0x146
V  [libjvm.so+0x82ae80]  Parse::do_one_bytecode()+0x35b0
V  [libjvm.so+0x81e25c]  Parse::do_one_block()+0x1fc
V  [libjvm.so+0x81e68b]  Parse::do_all_blocks()+0x12b
V  [libjvm.so+0x81f323]  Parse::Parse(JVMState*, ciMethod*, float)+0x7c3
V  [libjvm.so+0x3ac2c0]  ParseGenerator::generate(JVMState*)+0xa0
V  [libjvm.so+0x43fb25]  Compile::Compile(ciEnv*, C2Compiler*, ciMethod*, int, bool, bool)+0xf65
V  [libjvm.so+0x3abb5c]  C2Compiler::compile_method(ciEnv*, ciMethod*, int)+0xdc
V  [libjvm.so+0x446495]  CompileBroker::invoke_compiler_on_method(CompileTask*)+0x325
V  [libjvm.so+0x447695]  CompileBroker::compiler_thread_loop()+0x2f5
V  [libjvm.so+0x92fe98]  JavaThread::thread_main_inner()+0x118
V  [libjvm.so+0x930121]  JavaThread::run()+0x231
V  [libjvm.so+0x7f1912]  java_start(Thread*)+0xf2


Current CompileTask:
C2:   3056  415             com.google.inject.internal.asm.$MethodWriter::visitMethodInsn (264 bytes)


---------------  P R O C E S S  ---------------

Java Threads: ( => current thread )
  0x00007f06500ae800 JavaThread "Service Thread" daemon [_thread_blocked, id=5110, stack(0x00007f0647318000,0x00007f0647419000)]
=>0x00007f06500ac800 JavaThread "C2 CompilerThread1" daemon [_thread_in_native, id=5109, stack(0x00007f0647419000,0x00007f064751a000)]
  0x00007f06500a9000 JavaThread "C2 CompilerThread0" daemon [_thread_in_native, id=5108, stack(0x00007f064751a000,0x00007f064761b000)]
  0x00007f06500a7000 JavaThread "Signal Dispatcher" daemon [_thread_blocked, id=5107, stack(0x00007f064761b000,0x00007f064771c000)]
  0x00007f065007c000 JavaThread "Finalizer" daemon [_thread_blocked, id=5106, stack(0x00007f0647dfe000,0x00007f0647eff000)]
  0x00007f065007a000 JavaThread "Reference Handler" daemon [_thread_blocked, id=5105, stack(0x00007f0647eff000,0x00007f0648000000)]
  0x00007f065000a000 JavaThread "main" [_thread_in_vm, id=5099, stack(0x00007f0658856000,0x00007f0658957000)]

Other Threads:
  0x00007f0650075800 VMThread [stack: 0x00007f064c0f1000,0x00007f064c1f2000] [id=5104]
  0x00007f06500b9800 WatcherThread [stack: 0x00007f0647217000,0x00007f0647318000] [id=5111]

VM state:not at safepoint (normal execution)

VM Mutex/Monitor currently owned by a thread: None

Heap
 PSYoungGen      total 69632K, used 47687K [0x00000007d6e00000, 0x00000007db700000, 0x0000000800000000)
  eden space 64512K, 65% used [0x00000007d6e00000,0x00000007d9791da0,0x00000007dad00000)
  from space 5120K, 100% used [0x00000007db200000,0x00000007db700000,0x00000007db700000)
  to   space 5120K, 0% used [0x00000007dad00000,0x00000007dad00000,0x00000007db200000)
 ParOldGen       total 83968K, used 2025K [0x0000000784a00000, 0x0000000789c00000, 0x00000007d6e00000)
  object space 83968K, 2% used [0x0000000784a00000,0x0000000784bfa508,0x0000000789c00000)
 PSPermGen       total 21504K, used 15211K [0x000000077a400000, 0x000000077b900000, 0x0000000784a00000)
  object space 21504K, 70% used [0x000000077a400000,0x000000077b2dace0,0x000000077b900000)

Card table byte_map: [0x00007f065501b000,0x00007f065544a000] byte_map_base: 0x00007f0651449000

Polling page: 0x00007f0658970000

Code Cache  [0x00007f064d000000, 0x00007f064d270000, 0x00007f0650000000)
 total_blobs=690 nmethods=409 adapters=234 free_code_cache=47571Kb largest_free_block=48654592

Compilation events (10 events):
Event: 2.997 Thread 0x00007f06500a9000 nmethod 410 0x00007f064d17e9d0 code [0x00007f064d17eb20, 0x00007f064d17ec78]
Event: 2.997 Thread 0x00007f06500a9000  411             org.sonatype.aether.util.artifact.DefaultArtifact::getClassifier (5 bytes)
Event: 2.998 Thread 0x00007f06500a9000 nmethod 411 0x00007f064d156450 code [0x00007f064d156580, 0x00007f064d1565f8]
Event: 3.004 Thread 0x00007f06500a9000  412             java.lang.String::endsWith (17 bytes)
Event: 3.006 Thread 0x00007f06500a9000 nmethod 412 0x00007f064d17e610 code [0x00007f064d17e760, 0x00007f064d17e898]
Event: 3.030 Thread 0x00007f06500a9000  413             java.util.WeakHashMap::indexFor (6 bytes)
Event: 3.030 Thread 0x00007f06500a9000 nmethod 413 0x00007f064d0b5d50 code [0x00007f064d0b5e80, 0x00007f064d0b5eb8]
Event: 3.049 Thread 0x00007f06500a9000  414             com.google.inject.internal.cglib.core.$CodeEmitter::emit_invoke (50 bytes)
Event: 3.051 Thread 0x00007f06500ac800 nmethod 407 0x00007f064d1928d0 code [0x00007f064d192de0, 0x00007f064d195b38]
Event: 3.051 Thread 0x00007f06500ac800  415             com.google.inject.internal.asm.$MethodWriter::visitMethodInsn (264 bytes)

GC Heap History (8 events):
Event: 0.667 GC heap before
{Heap before GC invocations=1 (full 0):
 PSYoungGen      total 37376K, used 32256K [0x00000007d6e00000, 0x00000007d9780000, 0x0000000800000000)
  eden space 32256K, 100% used [0x00000007d6e00000,0x00000007d8d80000,0x00000007d8d80000)
  from space 5120K, 0% used [0x00000007d9280000,0x00000007d9280000,0x00000007d9780000)
  to   space 5120K, 0% used [0x00000007d8d80000,0x00000007d8d80000,0x00000007d9280000)
 ParOldGen       total 83968K, used 0K [0x0000000784a00000, 0x0000000789c00000, 0x00000007d6e00000)
  object space 83968K, 0% used [0x0000000784a00000,0x0000000784a00000,0x0000000789c00000)
 PSPermGen       total 21504K, used 8159K [0x000000077a400000, 0x000000077b900000, 0x0000000784a00000)
  object space 21504K, 37% used [0x000000077a400000,0x000000077abf7f30,0x000000077b900000)
Event: 0.673 GC heap after
Heap after GC invocations=1 (full 0):
 PSYoungGen      total 37376K, used 4408K [0x00000007d6e00000, 0x00000007d9780000, 0x0000000800000000)
  eden space 32256K, 0% used [0x00000007d6e00000,0x00000007d6e00000,0x00000007d8d80000)
  from space 5120K, 86% used [0x00000007d8d80000,0x00000007d91ce238,0x00000007d9280000)
  to   space 5120K, 0% used [0x00000007d9280000,0x00000007d9280000,0x00000007d9780000)
 ParOldGen       total 83968K, used 8K [0x0000000784a00000, 0x0000000789c00000, 0x00000007d6e00000)
  object space 83968K, 0% used [0x0000000784a00000,0x0000000784a02000,0x0000000789c00000)
 PSPermGen       total 21504K, used 8159K [0x000000077a400000, 0x000000077b900000, 0x0000000784a00000)
  object space 21504K, 37% used [0x000000077a400000,0x000000077abf7f30,0x000000077b900000)
}
Event: 1.251 GC heap before
{Heap before GC invocations=2 (full 0):
 PSYoungGen      total 37376K, used 36664K [0x00000007d6e00000, 0x00000007d9780000, 0x0000000800000000)
  eden space 32256K, 100% used [0x00000007d6e00000,0x00000007d8d80000,0x00000007d8d80000)
  from space 5120K, 86% used [0x00000007d8d80000,0x00000007d91ce238,0x00000007d9280000)
  to   space 5120K, 0% used [0x00000007d9280000,0x00000007d9280000,0x00000007d9780000)
 ParOldGen       total 83968K, used 8K [0x0000000784a00000, 0x0000000789c00000, 0x00000007d6e00000)
  object space 83968K, 0% used [0x0000000784a00000,0x0000000784a02000,0x0000000789c00000)
 PSPermGen       total 21504K, used 11438K [0x000000077a400000, 0x000000077b900000, 0x0000000784a00000)
  object space 21504K, 53% used [0x000000077a400000,0x000000077af2b928,0x000000077b900000)
Event: 1.259 GC heap after
Heap after GC invocations=2 (full 0):
 PSYoungGen      total 37376K, used 4896K [0x00000007d6e00000, 0x00000007db700000, 0x0000000800000000)
  eden space 32256K, 0% used [0x00000007d6e00000,0x00000007d6e00000,0x00000007d8d80000)
  from space 5120K, 95% used [0x00000007d9280000,0x00000007d97480c8,0x00000007d9780000)
  to   space 5120K, 0% used [0x00000007d8d80000,0x00000007d8d80000,0x00000007d9280000)
 ParOldGen       total 83968K, used 16K [0x0000000784a00000, 0x0000000789c00000, 0x00000007d6e00000)
  object space 83968K, 0% used [0x0000000784a00000,0x0000000784a04000,0x0000000789c00000)
 PSPermGen       total 21504K, used 11438K [0x000000077a400000, 0x000000077b900000, 0x0000000784a00000)
  object space 21504K, 53% used [0x000000077a400000,0x000000077af2b928,0x000000077b900000)
}
Event: 1.983 GC heap before
{Heap before GC invocations=3 (full 0):
 PSYoungGen      total 37376K, used 37152K [0x00000007d6e00000, 0x00000007db700000, 0x0000000800000000)
  eden space 32256K, 100% used [0x00000007d6e00000,0x00000007d8d80000,0x00000007d8d80000)
  from space 5120K, 95% used [0x00000007d9280000,0x00000007d97480c8,0x00000007d9780000)
  to   space 5120K, 0% used [0x00000007d8d80000,0x00000007d8d80000,0x00000007d9280000)
 ParOldGen       total 83968K, used 16K [0x0000000784a00000, 0x0000000789c00000, 0x00000007d6e00000)
  object space 83968K, 0% used [0x0000000784a00000,0x0000000784a04000,0x0000000789c00000)
 PSPermGen       total 21504K, used 14244K [0x000000077a400000, 0x000000077b900000, 0x0000000784a00000)
  object space 21504K, 66% used [0x000000077a400000,0x000000077b1e9098,0x000000077b900000)
Event: 1.994 GC heap after
Heap after GC invocations=3 (full 0):
 PSYoungGen      total 37376K, used 5107K [0x00000007d6e00000, 0x00000007db700000, 0x0000000800000000)
  eden space 32256K, 0% used [0x00000007d6e00000,0x00000007d6e00000,0x00000007d8d80000)
  from space 5120K, 99% used [0x00000007d8d80000,0x00000007d927cc28,0x00000007d9280000)
  to   space 5120K, 0% used [0x00000007db200000,0x00000007db200000,0x00000007db700000)
 ParOldGen       total 83968K, used 1086K [0x0000000784a00000, 0x0000000789c00000, 0x00000007d6e00000)
  object space 83968K, 1% used [0x0000000784a00000,0x0000000784b0fae0,0x0000000789c00000)
 PSPermGen       total 21504K, used 14244K [0x000000077a400000, 0x000000077b900000, 0x0000000784a00000)
  object space 21504K, 66% used [0x000000077a400000,0x000000077b1e9098,0x000000077b900000)
}
Event: 2.584 GC heap before
{Heap before GC invocations=4 (full 0):
 PSYoungGen      total 37376K, used 37363K [0x00000007d6e00000, 0x00000007db700000, 0x0000000800000000)
  eden space 32256K, 100% used [0x00000007d6e00000,0x00000007d8d80000,0x00000007d8d80000)
  from space 5120K, 99% used [0x00000007d8d80000,0x00000007d927cc28,0x00000007d9280000)
  to   space 5120K, 0% used [0x00000007db200000,0x00000007db200000,0x00000007db700000)
 ParOldGen       total 83968K, used 1086K [0x0000000784a00000, 0x0000000789c00000, 0x00000007d6e00000)
  object space 83968K, 1% used [0x0000000784a00000,0x0000000784b0fae0,0x0000000789c00000)
 PSPermGen       total 21504K, used 14724K [0x000000077a400000, 0x000000077b900000, 0x0000000784a00000)
  object space 21504K, 68% used [0x000000077a400000,0x000000077b261208,0x000000077b900000)
Event: 2.593 GC heap after
Heap after GC invocations=4 (full 0):
 PSYoungGen      total 69632K, used 5120K [0x00000007d6e00000, 0x00000007db700000, 0x0000000800000000)
  eden space 64512K, 0% used [0x00000007d6e00000,0x00000007d6e00000,0x00000007dad00000)
  from space 5120K, 100% used [0x00000007db200000,0x00000007db700000,0x00000007db700000)
  to   space 5120K, 0% used [0x00000007dad00000,0x00000007dad00000,0x00000007db200000)
 ParOldGen       total 83968K, used 2025K [0x0000000784a00000, 0x0000000789c00000, 0x00000007d6e00000)
  object space 83968K, 2% used [0x0000000784a00000,0x0000000784bfa508,0x0000000789c00000)
 PSPermGen       total 21504K, used 14724K [0x000000077a400000, 0x000000077b900000, 0x0000000784a00000)
  object space 21504K, 68% used [0x000000077a400000,0x000000077b261208,0x000000077b900000)
}

Deoptimization events (10 events):
Event: 2.494 Thread 0x00007f065000a000 Uncommon trap: reason=array_check action=maybe_recompile pc=0x00007f064d14b4f8 method=java.util.Arrays.fill([Ljava/lang/Object;Ljava/lang/Object;)V @ 13
Event: 2.494 Thread 0x00007f065000a000 Uncommon trap: reason=array_check action=maybe_recompile pc=0x00007f064d14b4f8 method=java.util.Arrays.fill([Ljava/lang/Object;Ljava/lang/Object;)V @ 13
Event: 2.530 Thread 0x00007f065000a000 Uncommon trap: reason=bimorphic action=maybe_recompile pc=0x00007f064d0f699c method=java.util.regex.Pattern$Curly.match0(Ljava/util/regex/Matcher;IILjava/lang/CharSequence;)Z @ 170
Event: 2.530 Thread 0x00007f065000a000 Uncommon trap: reason=bimorphic action=maybe_recompile pc=0x00007f064d0f699c method=java.util.regex.Pattern$Curly.match0(Ljava/util/regex/Matcher;IILjava/lang/CharSequence;)Z @ 170
Event: 2.532 Thread 0x00007f065000a000 Uncommon trap: reason=bimorphic action=maybe_recompile pc=0x00007f064d0f699c method=java.util.regex.Pattern$Curly.match0(Ljava/util/regex/Matcher;IILjava/lang/CharSequence;)Z @ 170
Event: 2.532 Thread 0x00007f065000a000 Uncommon trap: reason=bimorphic action=maybe_recompile pc=0x00007f064d0f699c method=java.util.regex.Pattern$Curly.match0(Ljava/util/regex/Matcher;IILjava/lang/CharSequence;)Z @ 170
Event: 2.946 Thread 0x00007f065000a000 Uncommon trap: reason=intrinsic action=make_not_entrant pc=0x00007f064d16e770 method=org.apache.maven.model.Dependency.getManagementKey()Ljava/lang/String; @ 0
Event: 3.003 Thread 0x00007f065000a000 Uncommon trap: reason=null_check action=make_not_entrant pc=0x00007f064d18b110 method=org.sonatype.guice.bean.locators.RankedSequence.topRank()I @ 4
Event: 3.025 Thread 0x00007f065000a000 Uncommon trap: reason=null_check action=make_not_entrant pc=0x00007f064d183060 method=org.sonatype.guice.bean.locators.RankedSequence.topRank()I @ 4
Event: 3.035 Thread 0x00007f065000a000 Uncommon trap: reason=bimorphic action=maybe_recompile pc=0x00007f064d170ac8 method=java.util.HashMap.putAll(Ljava/util/Map;)V @ 1

Internal exceptions (10 events):
Event: 3.035 Thread 0x00007f065000a000 Threw 0x00000007d964bc48 at /build/buildd/openjdk-7-7u79-2.5.5/build/openjdk/hotspot/src/share/vm/prims/jvm.cpp:1284
Event: 3.035 Thread 0x00007f065000a000 Threw 0x00000007d964c7a8 at /build/buildd/openjdk-7-7u79-2.5.5/build/openjdk/hotspot/src/share/vm/prims/jvm.cpp:1284
Event: 3.037 Thread 0x00007f065000a000 Threw 0x00000007d9674730 at /build/buildd/openjdk-7-7u79-2.5.5/build/openjdk/hotspot/src/share/vm/prims/jvm.cpp:1284
Event: 3.043 Thread 0x00007f065000a000 Threw 0x00000007d96c1050 at /build/buildd/openjdk-7-7u79-2.5.5/build/openjdk/hotspot/src/share/vm/prims/jvm.cpp:1284
Event: 3.044 Thread 0x00007f065000a000 Threw 0x00000007d96db460 at /build/buildd/openjdk-7-7u79-2.5.5/build/openjdk/hotspot/src/share/vm/prims/jvm.cpp:1284
Event: 3.045 Thread 0x00007f065000a000 Threw 0x00000007d96e6620 at /build/buildd/openjdk-7-7u79-2.5.5/build/openjdk/hotspot/src/share/vm/prims/jvm.cpp:1284
Event: 3.046 Thread 0x00007f065000a000 Threw 0x00000007d96ee010 at /build/buildd/openjdk-7-7u79-2.5.5/build/openjdk/hotspot/src/share/vm/prims/jvm.cpp:1284
Event: 3.047 Thread 0x00007f065000a000 Threw 0x00000007d96f2238 at /build/buildd/openjdk-7-7u79-2.5.5/build/openjdk/hotspot/src/share/vm/prims/jvm.cpp:1284
Event: 3.048 Thread 0x00007f065000a000 Threw 0x00000007d96fa000 at /build/buildd/openjdk-7-7u79-2.5.5/build/openjdk/hotspot/src/share/vm/prims/jvm.cpp:1284
Event: 3.052 Thread 0x00007f065000a000 Threw 0x00000007d973f260 at /build/buildd/openjdk-7-7u79-2.5.5/build/openjdk/hotspot/src/share/vm/prims/jvm.cpp:1284

Events (10 events):
Event: 3.047 loading class 0x00007f0650982680
Event: 3.047 loading class 0x00007f0650982680 done
Event: 3.047 loading class 0x00007f0650978570
Event: 3.047 loading class 0x00007f0650978570 done
Event: 3.047 loading class 0x00007f0650978570
Event: 3.047 loading class 0x00007f0650978570 done
Event: 3.052 loading class 0x00007f06509822d0
Event: 3.052 loading class 0x00007f06509822d0 done
Event: 3.052 loading class 0x00007f06509822d0
Event: 3.052 loading class 0x00007f06509822d0 done


Dynamic libraries:
00400000-00401000 r-xp 00000000 08:05 21237987                           /usr/lib/jvm/java-7-openjdk-amd64/jre/bin/java
00600000-00601000 r--p 00000000 08:05 21237987                           /usr/lib/jvm/java-7-openjdk-amd64/jre/bin/java
00601000-00602000 rw-p 00001000 08:05 21237987                           /usr/lib/jvm/java-7-openjdk-amd64/jre/bin/java
013e4000-01405000 rw-p 00000000 00:00 0                                  [heap]
77a400000-77b900000 rw-p 00000000 00:00 0 
77b900000-784a00000 rw-p 00000000 00:00 0 
784a00000-789c00000 rw-p 00000000 00:00 0 
789c00000-7d6e00000 rw-p 00000000 00:00 0 
7d6e00000-7db700000 rw-p 00000000 00:00 0 
7db700000-800000000 rw-p 00000000 00:00 0 
7f060c000000-7f060c021000 rw-p 00000000 00:00 0 
7f060c021000-7f0610000000 ---p 00000000 00:00 0 
7f0610000000-7f0610021000 rw-p 00000000 00:00 0 
7f0610021000-7f0614000000 ---p 00000000 00:00 0 
7f0614000000-7f0614d0d000 rw-p 00000000 00:00 0 
7f0614d0d000-7f0618000000 ---p 00000000 00:00 0 
7f0618000000-7f06189a9000 rw-p 00000000 00:00 0 
7f06189a9000-7f061c000000 ---p 00000000 00:00 0 
7f061c000000-7f061c021000 rw-p 00000000 00:00 0 
7f061c021000-7f0620000000 ---p 00000000 00:00 0 
7f0620000000-7f0620021000 rw-p 00000000 00:00 0 
7f0620021000-7f0624000000 ---p 00000000 00:00 0 
7f0624000000-7f0624021000 rw-p 00000000 00:00 0 
7f0624021000-7f0628000000 ---p 00000000 00:00 0 
7f062bd20000-7f0630000000 rw-p 00000000 00:00 0 
7f0630000000-7f0630021000 rw-p 00000000 00:00 0 
7f0630021000-7f0634000000 ---p 00000000 00:00 0 
7f0634000000-7f0634021000 rw-p 00000000 00:00 0 
7f0634021000-7f0638000000 ---p 00000000 00:00 0 
7f0638000000-7f0638021000 rw-p 00000000 00:00 0 
7f0638021000-7f063c000000 ---p 00000000 00:00 0 
7f0640000000-7f0640021000 rw-p 00000000 00:00 0 
7f0640021000-7f0644000000 ---p 00000000 00:00 0 
7f0645a5b000-7f0645ac7000 r-xp 00000000 08:05 13373588                   /lib/x86_64-linux-gnu/libpcre.so.3.13.1
7f0645ac7000-7f0645cc6000 ---p 0006c000 08:05 13373588                   /lib/x86_64-linux-gnu/libpcre.so.3.13.1
7f0645cc6000-7f0645cc7000 r--p 0006b000 08:05 13373588                   /lib/x86_64-linux-gnu/libpcre.so.3.13.1
7f0645cc7000-7f0645cc8000 rw-p 0006c000 08:05 13373588                   /lib/x86_64-linux-gnu/libpcre.so.3.13.1
7f0645cc8000-7f0645ccf000 r-xp 00000000 08:05 20979872                   /usr/lib/x86_64-linux-gnu/libffi.so.6.0.2
7f0645ccf000-7f0645ece000 ---p 00007000 08:05 20979872                   /usr/lib/x86_64-linux-gnu/libffi.so.6.0.2
7f0645ece000-7f0645ecf000 r--p 00006000 08:05 20979872                   /usr/lib/x86_64-linux-gnu/libffi.so.6.0.2
7f0645ecf000-7f0645ed0000 rw-p 00007000 08:05 20979872                   /usr/lib/x86_64-linux-gnu/libffi.so.6.0.2
7f0645ed0000-7f0645ee7000 r-xp 00000000 08:05 13373611                   /lib/x86_64-linux-gnu/libresolv-2.19.so
7f0645ee7000-7f06460e7000 ---p 00017000 08:05 13373611                   /lib/x86_64-linux-gnu/libresolv-2.19.so
7f06460e7000-7f06460e8000 r--p 00017000 08:05 13373611                   /lib/x86_64-linux-gnu/libresolv-2.19.so
7f06460e8000-7f06460e9000 rw-p 00018000 08:05 13373611                   /lib/x86_64-linux-gnu/libresolv-2.19.so
7f06460e9000-7f06460eb000 rw-p 00000000 00:00 0 
7f06460eb000-7f064610c000 r-xp 00000000 08:05 13373615                   /lib/x86_64-linux-gnu/libselinux.so.1
7f064610c000-7f064630b000 ---p 00021000 08:05 13373615                   /lib/x86_64-linux-gnu/libselinux.so.1
7f064630b000-7f064630c000 r--p 00020000 08:05 13373615                   /lib/x86_64-linux-gnu/libselinux.so.1
7f064630c000-7f064630d000 rw-p 00021000 08:05 13373615                   /lib/x86_64-linux-gnu/libselinux.so.1
7f064630d000-7f064630f000 rw-p 00000000 00:00 0 
7f064630f000-7f0646312000 r-xp 00000000 08:05 20979983                   /usr/lib/x86_64-linux-gnu/libgmodule-2.0.so.0.4200.0
7f0646312000-7f0646511000 ---p 00003000 08:05 20979983                   /usr/lib/x86_64-linux-gnu/libgmodule-2.0.so.0.4200.0
7f0646511000-7f0646512000 r--p 00002000 08:05 20979983                   /usr/lib/x86_64-linux-gnu/libgmodule-2.0.so.0.4200.0
7f0646512000-7f0646513000 rw-p 00003000 08:05 20979983                   /usr/lib/x86_64-linux-gnu/libgmodule-2.0.so.0.4200.0
7f0646513000-7f064661f000 r-xp 00000000 08:05 13373512                   /lib/x86_64-linux-gnu/libglib-2.0.so.0.4200.0
7f064661f000-7f064681f000 ---p 0010c000 08:05 13373512                   /lib/x86_64-linux-gnu/libglib-2.0.so.0.4200.0
7f064681f000-7f0646820000 r--p 0010c000 08:05 13373512                   /lib/x86_64-linux-gnu/libglib-2.0.so.0.4200.0
7f0646820000-7f0646821000 rw-p 0010d000 08:05 13373512                   /lib/x86_64-linux-gnu/libglib-2.0.so.0.4200.0
7f0646821000-7f0646822000 rw-p 00000000 00:00 0 
7f0646822000-7f0646872000 r-xp 00000000 08:05 20979997                   /usr/lib/x86_64-linux-gnu/libgobject-2.0.so.0.4200.0
7f0646872000-7f0646a72000 ---p 00050000 08:05 20979997                   /usr/lib/x86_64-linux-gnu/libgobject-2.0.so.0.4200.0
7f0646a72000-7f0646a73000 r--p 00050000 08:05 20979997                   /usr/lib/x86_64-linux-gnu/libgobject-2.0.so.0.4200.0
7f0646a73000-7f0646a74000 rw-p 00051000 08:05 20979997                   /usr/lib/x86_64-linux-gnu/libgobject-2.0.so.0.4200.0
7f0646a74000-7f0646be5000 r-xp 00000000 08:05 20979971                   /usr/lib/x86_64-linux-gnu/libgio-2.0.so.0.4200.0
7f0646be5000-7f0646de5000 ---p 00171000 08:05 20979971                   /usr/lib/x86_64-linux-gnu/libgio-2.0.so.0.4200.0
7f0646de5000-7f0646de9000 r--p 00171000 08:05 20979971                   /usr/lib/x86_64-linux-gnu/libgio-2.0.so.0.4200.0
7f0646de9000-7f0646deb000 rw-p 00175000 08:05 20979971                   /usr/lib/x86_64-linux-gnu/libgio-2.0.so.0.4200.0
7f0646deb000-7f0646ded000 rw-p 00000000 00:00 0 
7f0646ded000-7f0646e04000 r-xp 00000000 08:05 21238042                   /usr/lib/jvm/java-7-openjdk-amd64/jre/lib/amd64/libnet.so
7f0646e04000-7f0647003000 ---p 00017000 08:05 21238042                   /usr/lib/jvm/java-7-openjdk-amd64/jre/lib/amd64/libnet.so
7f0647003000-7f0647004000 r--p 00016000 08:05 21238042                   /usr/lib/jvm/java-7-openjdk-amd64/jre/lib/amd64/libnet.so
7f0647004000-7f0647005000 rw-p 00017000 08:05 21238042                   /usr/lib/jvm/java-7-openjdk-amd64/jre/lib/amd64/libnet.so
7f0647005000-7f0647016000 r-xp 00000000 08:05 21238013                   /usr/lib/jvm/java-7-openjdk-amd64/jre/lib/amd64/libnio.so
7f0647016000-7f0647215000 ---p 00011000 08:05 21238013                   /usr/lib/jvm/java-7-openjdk-amd64/jre/lib/amd64/libnio.so
7f0647215000-7f0647216000 r--p 00010000 08:05 21238013                   /usr/lib/jvm/java-7-openjdk-amd64/jre/lib/amd64/libnio.so
7f0647216000-7f0647217000 rw-p 00011000 08:05 21238013                   /usr/lib/jvm/java-7-openjdk-amd64/jre/lib/amd64/libnio.so
7f0647217000-7f0647218000 ---p 00000000 00:00 0 
7f0647218000-7f0647318000 rw-p 00000000 00:00 0                          [stack:5111]
7f0647318000-7f064731b000 ---p 00000000 00:00 0 
7f064731b000-7f0647419000 rw-p 00000000 00:00 0                          [stack:5110]
7f0647419000-7f064741c000 ---p 00000000 00:00 0 
7f064741c000-7f064751a000 rw-p 00000000 00:00 0                          [stack:5109]
7f064751a000-7f064751d000 ---p 00000000 00:00 0 
7f064751d000-7f064761b000 rw-p 00000000 00:00 0                          [stack:5108]
7f064761b000-7f064761e000 ---p 00000000 00:00 0 
7f064761e000-7f064771c000 rw-p 00000000 00:00 0                          [stack:5107]
7f064771c000-7f0647dfe000 r--p 00000000 08:05 20978660                   /usr/lib/locale/locale-archive
7f0647dfe000-7f0647e01000 ---p 00000000 00:00 0 
7f0647e01000-7f0647eff000 rw-p 00000000 00:00 0                          [stack:5106]
7f0647eff000-7f0647f02000 ---p 00000000 00:00 0 
7f0647f02000-7f0648000000 rw-p 00000000 00:00 0                          [stack:5105]
7f0648000000-7f0648021000 rw-p 00000000 00:00 0 
7f0648021000-7f064c000000 ---p 00000000 00:00 0 
7f064c013000-7f064c014000 rw-p 00000000 00:00 0 
7f064c014000-7f064c017000 r--s 0001b000 08:05 6424634                    /root/.m2/repository/junit/junit/3.8.2/junit-3.8.2.jar
7f064c017000-7f064c025000 r--s 0008f000 08:05 6424633                    /root/.m2/repository/com/google/collections/google-collections/1.0/google-collections-1.0.jar
7f064c025000-7f064c026000 r--s 0000a000 08:05 6424632                    /root/.m2/repository/commons-logging/commons-logging-api/1.1/commons-logging-api-1.1.jar
7f064c026000-7f064c02d000 r--s 00051000 08:05 6424631                    /root/.m2/repository/log4j/log4j/1.2.12/log4j-1.2.12.jar
7f064c02d000-7f064c031000 r--s 0001d000 08:05 6424628                    /root/.m2/repository/org/apache/xbean/xbean-reflect/3.4/xbean-reflect-3.4.jar
7f064c031000-7f064c032000 r--s 00004000 08:05 6424625                    /root/.m2/repository/org/codehaus/plexus/plexus-compiler-javac/2.0/plexus-compiler-javac-2.0.jar
7f064c032000-7f064c034000 r--s 00000000 08:05 6424623                    /root/.m2/repository/org/codehaus/plexus/plexus-compiler-manager/2.0/plexus-compiler-manager-2.0.jar
7f064c034000-7f064c036000 r--s 00005000 08:05 6424621                    /root/.m2/repository/org/codehaus/plexus/plexus-compiler-api/2.0/plexus-compiler-api-2.0.jar
7f064c036000-7f064c038000 r--s 00000000 08:05 6424617                    /root/.m2/repository/org/codehaus/plexus/plexus-component-annotations/1.5.5/plexus-component-annotations-1.5.5.jar
7f064c038000-7f064c03a000 r--s 00002000 08:05 6424618                    /root/.m2/repository/org/apache/maven/shared/maven-shared-incremental/1.0/maven-shared-incremental-1.0.jar
7f064c03a000-7f064c03c000 r--s 00006000 08:05 6424615                    /root/.m2/repository/com/google/code/findbugs/jsr305/2.0.1/jsr305-2.0.1.jar
7f064c03c000-7f064c03f000 r--s 00023000 08:05 6424614                    /root/.m2/repository/org/apache/maven/shared/maven-shared-utils/0.1/maven-shared-utils-0.1.jar
7f064c03f000-7f064c043000 r--s 00030000 08:05 6424616                    /root/.m2/repository/org/codehaus/plexus/plexus-utils/1.5.1/plexus-utils-1.5.1.jar
7f064c043000-7f064c045000 r--s 00009000 08:05 6423624                    /root/.m2/repository/org/apache/maven/plugins/maven-compiler-plugin/3.0/maven-compiler-plugin-3.0.jar
7f064c045000-7f064c047000 r--s 0000b000 08:05 6424264                    /root/.m2/repository/org/codehaus/plexus/plexus-interpolation/1.6/plexus-interpolation-1.6.jar
7f064c047000-7f064c049000 r--s 00002000 08:05 6424263                    /root/.m2/repository/org/codehaus/plexus/plexus-interactivity-api/1.0-alpha-4/plexus-interactivity-api-1.0-alpha-4.jar
7f064c049000-7f064c04b000 r--s 00006000 08:05 6424258                    /root/.m2/repository/commons-cli/commons-cli/1.0/commons-cli-1.0.jar
7f064c04b000-7f064c04c000 r--s 00001000 08:05 6424254                    /root/.m2/repository/org/apache/maven/doxia/doxia-sink-api/1.0-alpha-7/doxia-sink-api-1.0-alpha-7.jar
7f064c04c000-7f064c051000 r--s 00039000 08:05 6424255                    /root/.m2/repository/org/codehaus/plexus/plexus-utils/1.5.6/plexus-utils-1.5.6.jar
7f064c051000-7f064c082000 rw-p 00000000 00:00 0 
7f064c082000-7f064c083000 r--s 00002000 08:05 6424257                    /root/.m2/repository/org/apache/maven/reporting/maven-reporting-api/2.0.6/maven-reporting-api-2.0.6.jar
7f064c083000-7f064c085000 r--s 00007000 08:05 6424256                    /root/.m2/repository/org/apache/maven/shared/maven-filtering/1.0-beta-2/maven-filtering-1.0-beta-2.jar
7f064c085000-7f064c088000 r--s 0001b000 08:05 6423983                    /root/.m2/repository/junit/junit/3.8.1/junit-3.8.1.jar
7f064c088000-7f064c08a000 r--s 00004000 08:05 6423605                    /root/.m2/repository/org/apache/maven/plugins/maven-resources-plugin/2.3/maven-resources-plugin-2.3.jar
7f064c08a000-7f064c08e000 r--s 00034000 08:05 6424990                    /root/.m2/repository/org/codehaus/plexus/plexus-utils/3.0/plexus-utils-3.0.jar
7f064c08e000-7f064c090000 r--s 00005000 08:05 6424929                    /root/.m2/repository/org/apache/maven/plugins/maven-clean-plugin/2.5/maven-clean-plugin-2.5.jar
7f064c090000-7f064c095000 r--s 0004d000 08:05 21238052                   /usr/lib/jvm/java-7-openjdk-amd64/jre/lib/jsse.jar
7f064c095000-7f064c097000 r--s 0000b000 08:05 21369662                   /usr/share/java/maven3-aether-provider-3.0.5.jar
7f064c097000-7f064c099000 r--s 00008000 08:05 21369665                   /usr/share/java/maven3-embedder-3.0.5.jar
7f064c099000-7f064c09c000 r--s 00013000 08:05 23203765                   /usr/share/maven-repo/org/sonatype/aether/aether-api/1.13.1/aether-api-1.13.1.jar
7f064c09c000-7f064c09e000 r--s 00006000 08:05 23332428                   /usr/share/maven-repo/org/sonatype/aether/aether-connector-wagon/1.13.1/aether-connector-wagon-1.13.1.jar
7f064c09e000-7f064c0a0000 r--s 00002000 08:05 21369337                   /usr/share/java/plexus-cipher.jar
7f064c0a0000-7f064c0a6000 r--s 0002c000 08:05 21369520                   /usr/share/java/sisu-inject-plexus.jar
7f064c0a6000-7f064c0aa000 r--s 0001c000 08:05 23203748                   /usr/share/maven-repo/org/sonatype/aether/aether-util/1.13.1/aether-util-1.13.1.jar
7f064c0aa000-7f064c0ad000 r--s 0001d000 08:05 23332422                   /usr/share/maven-repo/org/sonatype/aether/aether-impl/1.13.1/aether-impl-1.13.1.jar
7f064c0ad000-7f064c0af000 r--s 0000e000 08:05 21369234                   /usr/share/java/plexus-interpolation.jar
7f064c0af000-7f064c0b6000 r--s 00040000 08:05 21369525                   /usr/share/java/sisu-inject-bean.jar
7f064c0b6000-7f064c0b8000 r--s 00009000 08:05 21369671                   /usr/share/java/maven3-plugin-api-3.0.5.jar
7f064c0b8000-7f064c0ba000 r--s 0000a000 08:05 21369668                   /usr/share/java/maven3-artifact-3.0.5.jar
7f064c0ba000-7f064c0c6000 r--s 0007c000 08:05 21369664                   /usr/share/java/maven3-core-3.0.5.jar
7f064c0c6000-7f064c0f1000 r--s 001f8000 08:05 21369206                   /usr/share/java/guava.jar
7f064c0f1000-7f064c0f2000 ---p 00000000 00:00 0 
7f064c0f2000-7f064d000000 rw-p 00000000 00:00 0                          [stack:5104]
7f064d000000-7f064d270000 rwxp 00000000 00:00 0 
7f064d270000-7f0650ac7000 rw-p 00000000 00:00 0 
7f0650ac7000-7f0654000000 ---p 00000000 00:00 0 
7f0654000000-7f0654001000 r--s 00001000 08:05 21369642                   /usr/share/java/wagon-file-2.x.jar
7f0654001000-7f0654002000 r--s 00006000 08:05 21369339                   /usr/share/java/plexus-sec-dispatcher.jar
7f0654002000-7f0654004000 r--s 00000000 08:05 21369505                   /usr/share/java/plexus-component-annotations-1.5-1.5.5.jar
7f0654004000-7f0654006000 r--s 00007000 08:05 21369198                   /usr/share/java/commons-cli-1.2.jar
7f0654006000-7f0654007000 r--s 0000d000 08:05 21369073                   /usr/share/java/commons-logging-1.2.jar
7f0654007000-7f065400d000 r--s 00046000 08:05 21369341                   /usr/share/java/commons-httpclient-3.1.jar
7f065400d000-7f065400f000 r--s 00005000 08:05 21369667                   /usr/share/java/maven3-repository-metadata-3.0.5.jar
7f065400f000-7f0654011000 r--s 00007000 08:05 21369669                   /usr/share/java/maven3-settings-builder-3.0.5.jar
7f0654011000-7f065401d000 r--s 0008e000 08:05 21369516                   /usr/share/java/sisu-guice.jar
7f065401d000-7f065401f000 r--s 00009000 08:05 21369666                   /usr/share/java/maven3-settings-3.0.5.jar
7f065401f000-7f0654023000 r--s 00033000 08:05 21369498                   /usr/share/java/plexus-utils2-2.0.5.jar
7f0654023000-7f065402a000 r--s 0003b000 08:05 21369222                   /usr/share/java/commons-codec-1.9.jar
7f065402a000-7f065404a000 r--s 0011f000 08:05 21369644                   /usr/share/java/wagon-http-shaded-2.x.jar
7f065404a000-7f0654050000 r--s 0003e000 08:05 21369670                   /usr/share/java/maven3-compat-3.0.5.jar
7f0654050000-7f0654052000 r--s 0000a000 08:05 21369643                   /usr/share/java/wagon-provider-api-2.x.jar
7f0654052000-7f0654056000 r--s 00020000 08:05 21369672                   /usr/share/java/maven3-model-builder-3.0.5.jar
7f0654056000-7f0654058000 r--s 00025000 08:05 21369663                   /usr/share/java/maven3-model-3.0.5.jar
7f0654058000-7f065405a000 r--s 0000a000 08:05 21369178                   /usr/share/java/plexus-classworlds2-2.5.1.jar
7f065405a000-7f065405e000 r--s 0003c000 08:05 21238064                   /usr/lib/jvm/java-7-openjdk-amd64/jre/lib/ext/sunpkcs11.jar
7f065405e000-7f0654062000 r--s 00034000 08:05 21238068                   /usr/lib/jvm/java-7-openjdk-amd64/jre/lib/ext/sunjce_provider.jar
7f0654062000-7f0654230000 rw-p 00000000 00:00 0 
7f0654230000-7f06543e1000 r--s 01d27000 08:05 21238049                   /usr/lib/jvm/java-7-openjdk-amd64/jre/lib/rt.jar
7f06543e1000-7f0654932000 rw-p 00000000 00:00 0 
7f0654932000-7f0654933000 ---p 00000000 00:00 0 
7f0654933000-7f0654a33000 rw-p 00000000 00:00 0                          [stack:5103]
7f0654a33000-7f0654a34000 ---p 00000000 00:00 0 
7f0654a34000-7f0654b34000 rw-p 00000000 00:00 0                          [stack:5102]
7f0654b34000-7f0654b35000 ---p 00000000 00:00 0 
7f0654b35000-7f0654c35000 rw-p 00000000 00:00 0                          [stack:5101]
7f0654c35000-7f0654c36000 ---p 00000000 00:00 0 
7f0654c36000-7f0654d41000 rw-p 00000000 00:00 0                          [stack:5100]
7f0654d41000-7f0654d89000 rw-p 00000000 00:00 0 
7f0654d89000-7f0654db2000 rw-p 00000000 00:00 0 
7f0654db2000-7f065501b000 rw-p 00000000 00:00 0 
7f065501b000-7f0655026000 rw-p 00000000 00:00 0 
7f0655026000-7f065506e000 rw-p 00000000 00:00 0 
7f065506e000-7f0655097000 rw-p 00000000 00:00 0 
7f0655097000-7f0655300000 rw-p 00000000 00:00 0 
7f0655300000-7f0655325000 rw-p 00000000 00:00 0 
7f0655325000-7f0655449000 rw-p 00000000 00:00 0 
7f0655449000-7f065544a000 rw-p 00000000 00:00 0 
7f065544a000-7f0655452000 r-xp 00000000 08:05 21238015                   /usr/lib/jvm/java-7-openjdk-amd64/jre/lib/amd64/libzip.so
7f0655452000-7f0655651000 ---p 00008000 08:05 21238015                   /usr/lib/jvm/java-7-openjdk-amd64/jre/lib/amd64/libzip.so
7f0655651000-7f0655652000 r--p 00007000 08:05 21238015                   /usr/lib/jvm/java-7-openjdk-amd64/jre/lib/amd64/libzip.so
7f0655652000-7f0655653000 rw-p 00008000 08:05 21238015                   /usr/lib/jvm/java-7-openjdk-amd64/jre/lib/amd64/libzip.so
7f0655653000-7f065565e000 r-xp 00000000 08:05 13373558                   /lib/x86_64-linux-gnu/libnss_files-2.19.so
7f065565e000-7f065585d000 ---p 0000b000 08:05 13373558                   /lib/x86_64-linux-gnu/libnss_files-2.19.so
7f065585d000-7f065585e000 r--p 0000a000 08:05 13373558                   /lib/x86_64-linux-gnu/libnss_files-2.19.so
7f065585e000-7f065585f000 rw-p 0000b000 08:05 13373558                   /lib/x86_64-linux-gnu/libnss_files-2.19.so
7f065585f000-7f065586a000 r-xp 00000000 08:05 13373568                   /lib/x86_64-linux-gnu/libnss_nis-2.19.so
7f065586a000-7f0655a69000 ---p 0000b000 08:05 13373568                   /lib/x86_64-linux-gnu/libnss_nis-2.19.so
7f0655a69000-7f0655a6a000 r--p 0000a000 08:05 13373568                   /lib/x86_64-linux-gnu/libnss_nis-2.19.so
7f0655a6a000-7f0655a6b000 rw-p 0000b000 08:05 13373568                   /lib/x86_64-linux-gnu/libnss_nis-2.19.so
7f0655a6b000-7f0655a82000 r-xp 00000000 08:05 13373552                   /lib/x86_64-linux-gnu/libnsl-2.19.so
7f0655a82000-7f0655c81000 ---p 00017000 08:05 13373552                   /lib/x86_64-linux-gnu/libnsl-2.19.so
7f0655c81000-7f0655c82000 r--p 00016000 08:05 13373552                   /lib/x86_64-linux-gnu/libnsl-2.19.so
7f0655c82000-7f0655c83000 rw-p 00017000 08:05 13373552                   /lib/x86_64-linux-gnu/libnsl-2.19.so
7f0655c83000-7f0655c85000 rw-p 00000000 00:00 0 
7f0655c85000-7f0655c8e000 r-xp 00000000 08:05 13373554                   /lib/x86_64-linux-gnu/libnss_compat-2.19.so
7f0655c8e000-7f0655e8d000 ---p 00009000 08:05 13373554                   /lib/x86_64-linux-gnu/libnss_compat-2.19.so
7f0655e8d000-7f0655e8e000 r--p 00008000 08:05 13373554                   /lib/x86_64-linux-gnu/libnss_compat-2.19.so
7f0655e8e000-7f0655e8f000 rw-p 00009000 08:05 13373554                   /lib/x86_64-linux-gnu/libnss_compat-2.19.so
7f0655e8f000-7f0655ebc000 r-xp 00000000 08:05 21238025                   /usr/lib/jvm/java-7-openjdk-amd64/jre/lib/amd64/libjava.so
7f0655ebc000-7f06560bb000 ---p 0002d000 08:05 21238025                   /usr/lib/jvm/java-7-openjdk-amd64/jre/lib/amd64/libjava.so
7f06560bb000-7f06560bc000 r--p 0002c000 08:05 21238025                   /usr/lib/jvm/java-7-openjdk-amd64/jre/lib/amd64/libjava.so
7f06560bc000-7f06560be000 rw-p 0002d000 08:05 21238025                   /usr/lib/jvm/java-7-openjdk-amd64/jre/lib/amd64/libjava.so
7f06560be000-7f06560cf000 r-xp 00000000 08:05 21238028                   /usr/lib/jvm/java-7-openjdk-amd64/jre/lib/amd64/libverify.so
7f06560cf000-7f06562ce000 ---p 00011000 08:05 21238028                   /usr/lib/jvm/java-7-openjdk-amd64/jre/lib/amd64/libverify.so
7f06562ce000-7f06562d0000 r--p 00010000 08:05 21238028                   /usr/lib/jvm/java-7-openjdk-amd64/jre/lib/amd64/libverify.so
7f06562d0000-7f06562d1000 rw-p 00012000 08:05 21238028                   /usr/lib/jvm/java-7-openjdk-amd64/jre/lib/amd64/libverify.so
7f06562d1000-7f06562d8000 r-xp 00000000 08:05 13373613                   /lib/x86_64-linux-gnu/librt-2.19.so
7f06562d8000-7f06564d7000 ---p 00007000 08:05 13373613                   /lib/x86_64-linux-gnu/librt-2.19.so
7f06564d7000-7f06564d8000 r--p 00006000 08:05 13373613                   /lib/x86_64-linux-gnu/librt-2.19.so
7f06564d8000-7f06564d9000 rw-p 00007000 08:05 13373613                   /lib/x86_64-linux-gnu/librt-2.19.so
7f06564d9000-7f06564ef000 r-xp 00000000 08:05 13373506                   /lib/x86_64-linux-gnu/libgcc_s.so.1
7f06564ef000-7f06566ee000 ---p 00016000 08:05 13373506                   /lib/x86_64-linux-gnu/libgcc_s.so.1
7f06566ee000-7f06566ef000 r--p 00015000 08:05 13373506                   /lib/x86_64-linux-gnu/libgcc_s.so.1
7f06566ef000-7f06566f0000 rw-p 00016000 08:05 13373506                   /lib/x86_64-linux-gnu/libgcc_s.so.1
7f06566f0000-7f06567f5000 r-xp 00000000 08:05 13373531                   /lib/x86_64-linux-gnu/libm-2.19.so
7f06567f5000-7f06569f4000 ---p 00105000 08:05 13373531                   /lib/x86_64-linux-gnu/libm-2.19.so
7f06569f4000-7f06569f5000 r--p 00104000 08:05 13373531                   /lib/x86_64-linux-gnu/libm-2.19.so
7f06569f5000-7f06569f6000 rw-p 00105000 08:05 13373531                   /lib/x86_64-linux-gnu/libm-2.19.so
7f06569f6000-7f0656ae6000 r-xp 00000000 08:05 20980524                   /usr/lib/x86_64-linux-gnu/libstdc++.so.6.0.20
7f0656ae6000-7f0656ce6000 ---p 000f0000 08:05 20980524                   /usr/lib/x86_64-linux-gnu/libstdc++.so.6.0.20
7f0656ce6000-7f0656cee000 r--p 000f0000 08:05 20980524                   /usr/lib/x86_64-linux-gnu/libstdc++.so.6.0.20
7f0656cee000-7f0656cf0000 rw-p 000f8000 08:05 20980524                   /usr/lib/x86_64-linux-gnu/libstdc++.so.6.0.20
7f0656cf0000-7f0656d05000 rw-p 00000000 00:00 0 
7f0656d05000-7f0657855000 r-xp 00000000 08:05 21238040                   /usr/lib/jvm/java-7-openjdk-amd64/jre/lib/amd64/server/libjvm.so
7f0657855000-7f0657a54000 ---p 00b50000 08:05 21238040                   /usr/lib/jvm/java-7-openjdk-amd64/jre/lib/amd64/server/libjvm.so
7f0657a54000-7f0657af3000 r--p 00b4f000 08:05 21238040                   /usr/lib/jvm/java-7-openjdk-amd64/jre/lib/amd64/server/libjvm.so
7f0657af3000-7f0657b16000 rw-p 00bee000 08:05 21238040                   /usr/lib/jvm/java-7-openjdk-amd64/jre/lib/amd64/server/libjvm.so
7f0657b16000-7f0657b43000 rw-p 00000000 00:00 0 
7f0657b43000-7f0657b5b000 r-xp 00000000 08:05 13373650                   /lib/x86_64-linux-gnu/libz.so.1.2.8
7f0657b5b000-7f0657d5a000 ---p 00018000 08:05 13373650                   /lib/x86_64-linux-gnu/libz.so.1.2.8
7f0657d5a000-7f0657d5b000 r--p 00017000 08:05 13373650                   /lib/x86_64-linux-gnu/libz.so.1.2.8
7f0657d5b000-7f0657d5c000 rw-p 00018000 08:05 13373650                   /lib/x86_64-linux-gnu/libz.so.1.2.8
7f0657d5c000-7f0657d74000 r-xp 00000000 08:05 13373605                   /lib/x86_64-linux-gnu/libpthread-2.19.so
7f0657d74000-7f0657f74000 ---p 00018000 08:05 13373605                   /lib/x86_64-linux-gnu/libpthread-2.19.so
7f0657f74000-7f0657f75000 r--p 00018000 08:05 13373605                   /lib/x86_64-linux-gnu/libpthread-2.19.so
7f0657f75000-7f0657f76000 rw-p 00019000 08:05 13373605                   /lib/x86_64-linux-gnu/libpthread-2.19.so
7f0657f76000-7f0657f7a000 rw-p 00000000 00:00 0 
7f0657f7a000-7f0657f7d000 r-xp 00000000 08:05 13373496                   /lib/x86_64-linux-gnu/libdl-2.19.so
7f0657f7d000-7f065817c000 ---p 00003000 08:05 13373496                   /lib/x86_64-linux-gnu/libdl-2.19.so
7f065817c000-7f065817d000 r--p 00002000 08:05 13373496                   /lib/x86_64-linux-gnu/libdl-2.19.so
7f065817d000-7f065817e000 rw-p 00003000 08:05 13373496                   /lib/x86_64-linux-gnu/libdl-2.19.so
7f065817e000-7f0658338000 r-xp 00000000 08:05 13373479                   /lib/x86_64-linux-gnu/libc-2.19.so
7f0658338000-7f0658538000 ---p 001ba000 08:05 13373479                   /lib/x86_64-linux-gnu/libc-2.19.so
7f0658538000-7f065853c000 r--p 001ba000 08:05 13373479                   /lib/x86_64-linux-gnu/libc-2.19.so
7f065853c000-7f065853e000 rw-p 001be000 08:05 13373479                   /lib/x86_64-linux-gnu/libc-2.19.so
7f065853e000-7f0658543000 rw-p 00000000 00:00 0 
7f0658543000-7f0658550000 r-xp 00000000 08:05 21238033                   /usr/lib/jvm/java-7-openjdk-amd64/jre/lib/amd64/jli/libjli.so
7f0658550000-7f065874f000 ---p 0000d000 08:05 21238033                   /usr/lib/jvm/java-7-openjdk-amd64/jre/lib/amd64/jli/libjli.so
7f065874f000-7f0658750000 r--p 0000c000 08:05 21238033                   /usr/lib/jvm/java-7-openjdk-amd64/jre/lib/amd64/jli/libjli.so
7f0658750000-7f0658751000 rw-p 0000d000 08:05 21238033                   /usr/lib/jvm/java-7-openjdk-amd64/jre/lib/amd64/jli/libjli.so
7f0658751000-7f0658774000 r-xp 00000000 08:05 13373455                   /lib/x86_64-linux-gnu/ld-2.19.so
7f0658774000-7f0658775000 r--s 00003000 08:05 23203760                   /usr/share/maven-repo/org/sonatype/aether/aether-spi/1.13.1/aether-spi-1.13.1.jar
7f0658775000-7f06587a0000 rw-p 00000000 00:00 0 
7f06587a0000-7f0658856000 rw-p 00000000 00:00 0 
7f0658856000-7f0658859000 ---p 00000000 00:00 0 
7f0658859000-7f065895c000 rw-p 00000000 00:00 0                          [stack:5099]
7f065895c000-7f065895e000 r--s 00006000 08:05 21368874                   /usr/share/java/java-atk-wrapper.jar
7f065895e000-7f065895f000 r--s 00002000 08:05 21238067                   /usr/lib/jvm/java-7-openjdk-amd64/jre/lib/ext/dnsns.jar
7f065895f000-7f0658962000 r--s 00086000 08:05 21238069                   /usr/lib/jvm/java-7-openjdk-amd64/jre/lib/ext/localedata.jar
7f0658962000-7f0658964000 r--s 00012000 08:05 21238065                   /usr/lib/jvm/java-7-openjdk-amd64/jre/lib/ext/zipfs.jar
7f0658964000-7f0658967000 r--s 0000f000 08:05 21238066                   /usr/lib/jvm/java-7-openjdk-amd64/jre/lib/ext/icedtea-sound.jar
7f0658967000-7f065896f000 rw-s 00000000 08:05 13893674                   /tmp/hsperfdata_root/5081
7f065896f000-7f0658970000 rw-p 00000000 00:00 0 
7f0658970000-7f0658971000 r--p 00000000 00:00 0 
7f0658971000-7f0658973000 rw-p 00000000 00:00 0 
7f0658973000-7f0658974000 r--p 00022000 08:05 13373455                   /lib/x86_64-linux-gnu/ld-2.19.so
7f0658974000-7f0658975000 rw-p 00023000 08:05 13373455                   /lib/x86_64-linux-gnu/ld-2.19.so
7f0658975000-7f0658976000 rw-p 00000000 00:00 0 
7fff053c3000-7fff053e4000 rw-p 00000000 00:00 0                          [stack]
7fff053fa000-7fff053fc000 r-xp 00000000 00:00 0                          [vdso]
7fff053fc000-7fff053fe000 r--p 00000000 00:00 0                          [vvar]
ffffffffff600000-ffffffffff601000 r-xp 00000000 00:00 0                  [vsyscall]

VM Arguments:
jvm_args: -Dclassworlds.conf=/usr/share/maven/bin/m2.conf -Dmaven.home=/usr/share/maven 
java_command: org.codehaus.plexus.classworlds.launcher.Launcher clean install
Launcher Type: SUN_STANDARD

Environment Variables:
JAVA_HOME=/usr/lib/jvm/java-7-openjdk-amd64
PATH=/usr/local/sbin:/usr/local/bin:/usr/sbin:/usr/bin:/sbin:/bin:/usr/games:/usr/local/games
USERNAME=root
SHELL=/bin/bash
DISPLAY=:0

Signal Handlers:
SIGSEGV: [libjvm.so+0x983740], sa_mask[0]=0x7ffbfeff, sa_flags=0x10000004
SIGBUS: [libjvm.so+0x983740], sa_mask[0]=0x7ffbfeff, sa_flags=0x10000004
SIGFPE: [libjvm.so+0x7f0180], sa_mask[0]=0x7ffbfeff, sa_flags=0x10000004
SIGPIPE: [libjvm.so+0x7f0180], sa_mask[0]=0x7ffbfeff, sa_flags=0x10000004
SIGXFSZ: [libjvm.so+0x7f0180], sa_mask[0]=0x7ffbfeff, sa_flags=0x10000004
SIGILL: [libjvm.so+0x7f0180], sa_mask[0]=0x7ffbfeff, sa_flags=0x10000004
SIGUSR1: SIG_DFL, sa_mask[0]=0x00000000, sa_flags=0x00000000
SIGUSR2: [libjvm.so+0x7f0000], sa_mask[0]=0x00000000, sa_flags=0x10000004
SIGHUP: [libjvm.so+0x7f0200], sa_mask[0]=0x7ffbfeff, sa_flags=0x10000004
SIGINT: [libjvm.so+0x7f0200], sa_mask[0]=0x7ffbfeff, sa_flags=0x10000004
SIGTERM: [libjvm.so+0x7f0200], sa_mask[0]=0x7ffbfeff, sa_flags=0x10000004
SIGQUIT: [libjvm.so+0x7f0200], sa_mask[0]=0x7ffbfeff, sa_flags=0x10000004
SIGTRAP: SIG_DFL, sa_mask[0]=0x00000000, sa_flags=0x00000000


---------------  S Y S T E M  ---------------

OS:Ubuntu 14.10 (utopic)
uname:Linux 3.16.0-23-generic #31-Ubuntu SMP Tue Oct 21 17:56:17 UTC 2014 x86_64
libc:glibc 2.19 NPTL 2.19 
rlimit: STACK 8192k, CORE 0k, NPROC 31475, NOFILE 4096, AS infinity
load average:0.12 0.36 0.38

/proc/meminfo:
MemTotal:        8080056 kB
MemFree:         2979032 kB
MemAvailable:    5815608 kB
Buffers:           76260 kB
Cached:          3228612 kB
SwapCached:            0 kB
Active:          2054148 kB
Inactive:        2790320 kB
Active(anon):    1541136 kB
Inactive(anon):   342088 kB
Active(file):     513012 kB
Inactive(file):  2448232 kB
Unevictable:         120 kB
Mlocked:             120 kB
SwapTotal:      15624188 kB
SwapFree:       15624188 kB
Dirty:               220 kB
Writeback:             0 kB
AnonPages:       1539848 kB
Mapped:           381264 kB
Shmem:            343608 kB
Slab:             121900 kB
SReclaimable:      88552 kB
SUnreclaim:        33348 kB
KernelStack:        9088 kB
PageTables:        39176 kB
NFS_Unstable:          0 kB
Bounce:                0 kB
WritebackTmp:          0 kB
CommitLimit:    19664216 kB
Committed_AS:    5735952 kB
VmallocTotal:   34359738367 kB
VmallocUsed:      360120 kB
VmallocChunk:   34359288332 kB
HardwareCorrupted:     0 kB
AnonHugePages:    823296 kB
HugePages_Total:       0
HugePages_Free:        0
HugePages_Rsvd:        0
HugePages_Surp:        0
Hugepagesize:       2048 kB
DirectMap4k:       75752 kB
DirectMap2M:     2973696 kB
DirectMap1G:     5242880 kB


CPU:total 4 (2 cores per cpu, 2 threads per core) family 6 model 69 stepping 1, cmov, cx8, fxsr, mmx, sse, sse2, sse3, ssse3, sse4.1, sse4.2, popcnt, avx, avx2, aes, erms, ht, tsc, tscinvbit

/proc/cpuinfo:
processor	: 0
vendor_id	: GenuineIntel
cpu family	: 6
model		: 69
model name	: Intel(R) Core(TM) i5-4210U CPU @ 1.70GHz
stepping	: 1
microcode	: 0x17
cpu MHz		: 2400.000
cache size	: 3072 KB
physical id	: 0
siblings	: 4
core id		: 0
cpu cores	: 2
apicid		: 0
initial apicid	: 0
fpu		: yes
fpu_exception	: yes
cpuid level	: 13
wp		: yes
flags		: fpu vme de pse tsc msr pae mce cx8 apic sep mtrr pge mca cmov pat pse36 clflush dts acpi mmx fxsr sse sse2 ss ht tm pbe syscall nx pdpe1gb rdtscp lm constant_tsc arch_perfmon pebs bts rep_good nopl xtopology nonstop_tsc aperfmperf eagerfpu pni pclmulqdq dtes64 monitor ds_cpl vmx est tm2 ssse3 fma cx16 xtpr pdcm pcid sse4_1 sse4_2 movbe popcnt tsc_deadline_timer aes xsave avx f16c rdrand lahf_lm abm ida arat epb xsaveopt pln pts dtherm tpr_shadow vnmi flexpriority ept vpid fsgsbase tsc_adjust bmi1 avx2 smep bmi2 erms invpcid
bogomips	: 4788.80
clflush size	: 64
cache_alignment	: 64
address sizes	: 39 bits physical, 48 bits virtual
power management:

processor	: 1
vendor_id	: GenuineIntel
cpu family	: 6
model		: 69
model name	: Intel(R) Core(TM) i5-4210U CPU @ 1.70GHz
stepping	: 1
microcode	: 0x17
cpu MHz		: 2400.000
cache size	: 3072 KB
physical id	: 0
siblings	: 4
core id		: 1
cpu cores	: 2
apicid		: 2
initial apicid	: 2
fpu		: yes
fpu_exception	: yes
cpuid level	: 13
wp		: yes
flags		: fpu vme de pse tsc msr pae mce cx8 apic sep mtrr pge mca cmov pat pse36 clflush dts acpi mmx fxsr sse sse2 ss ht tm pbe syscall nx pdpe1gb rdtscp lm constant_tsc arch_perfmon pebs bts rep_good nopl xtopology nonstop_tsc aperfmperf eagerfpu pni pclmulqdq dtes64 monitor ds_cpl vmx est tm2 ssse3 fma cx16 xtpr pdcm pcid sse4_1 sse4_2 movbe popcnt tsc_deadline_timer aes xsave avx f16c rdrand lahf_lm abm ida arat epb xsaveopt pln pts dtherm tpr_shadow vnmi flexpriority ept vpid fsgsbase tsc_adjust bmi1 avx2 smep bmi2 erms invpcid
bogomips	: 4788.80
clflush size	: 64
cache_alignment	: 64
address sizes	: 39 bits physical, 48 bits virtual
power management:

processor	: 2
vendor_id	: GenuineIntel
cpu family	: 6
model		: 69
model name	: Intel(R) Core(TM) i5-4210U CPU @ 1.70GHz
stepping	: 1
microcode	: 0x17
cpu MHz		: 2400.000
cache size	: 3072 KB
physical id	: 0
siblings	: 4
core id		: 0
cpu cores	: 2
apicid		: 1
initial apicid	: 1
fpu		: yes
fpu_exception	: yes
cpuid level	: 13
wp		: yes
flags		: fpu vme de pse tsc msr pae mce cx8 apic sep mtrr pge mca cmov pat pse36 clflush dts acpi mmx fxsr sse sse2 ss ht tm pbe syscall nx pdpe1gb rdtscp lm constant_tsc arch_perfmon pebs bts rep_good nopl xtopology nonstop_tsc aperfmperf eagerfpu pni pclmulqdq dtes64 monitor ds_cpl vmx est tm2 ssse3 fma cx16 xtpr pdcm pcid sse4_1 sse4_2 movbe popcnt tsc_deadline_timer aes xsave avx f16c rdrand lahf_lm abm ida arat epb xsaveopt pln pts dtherm tpr_shadow vnmi flexpriority ept vpid fsgsbase tsc_adjust bmi1 avx2 smep bmi2 erms invpcid
bogomips	: 4788.80
clflush size	: 64
cache_alignment	: 64
address sizes	: 39 bits physical, 48 bits virtual
power management:

processor	: 3
vendor_id	: GenuineIntel
cpu family	: 6
model		: 69
model name	: Intel(R) Core(TM) i5-4210U CPU @ 1.70GHz
stepping	: 1
microcode	: 0x17
cpu MHz		: 2400.093
cache size	: 3072 KB
physical id	: 0
siblings	: 4
core id		: 1
cpu cores	: 2
apicid		: 3
initial apicid	: 3
fpu		: yes
fpu_exception	: yes
cpuid level	: 13
wp		: yes
flags		: fpu vme de pse tsc msr pae mce cx8 apic sep mtrr pge mca cmov pat pse36 clflush dts acpi mmx fxsr sse sse2 ss ht tm pbe syscall nx pdpe1gb rdtscp lm constant_tsc arch_perfmon pebs bts rep_good nopl xtopology nonstop_tsc aperfmperf eagerfpu pni pclmulqdq dtes64 monitor ds_cpl vmx est tm2 ssse3 fma cx16 xtpr pdcm pcid sse4_1 sse4_2 movbe popcnt tsc_deadline_timer aes xsave avx f16c rdrand lahf_lm abm ida arat epb xsaveopt pln pts dtherm tpr_shadow vnmi flexpriority ept vpid fsgsbase tsc_adjust bmi1 avx2 smep bmi2 erms invpcid
bogomips	: 4788.80
clflush size	: 64
cache_alignment	: 64
address sizes	: 39 bits physical, 48 bits virtual
power management:



Memory: 4k page, physical 8080056k(2979032k free), swap 15624188k(15624188k free)

vm_info: OpenJDK 64-Bit Server VM (24.79-b02) for linux-amd64 JRE (1.7.0_79-b14), built on Apr 16 2015 08:25:58 by "buildd" with gcc 4.9.1

time: Mon Sep 14 16:16:08 2015
elapsed time: 3 seconds

